<?xml version="1.0" encoding="UTF-8"?>
<testng-results skipped="0" failed="0" total="2" passed="2">
  <reporter-output>
  </reporter-output>
  <suite name="com.appium.tests.TestClass" duration-ms="70931" started-at="2016-04-05T05:35:53Z" finished-at="2016-04-05T05:37:04Z">
    <groups>
    </groups>
    <test name="Command line test" duration-ms="70931" started-at="2016-04-05T05:35:53Z" finished-at="2016-04-05T05:37:04Z">
      <class name="com.appium.tests.TestClass">
        <test-method status="PASS" signature="setUp()[pri:0, instance:com.appium.tests.TestClass@17cdc4a5]" name="setUp" is-config="true" duration-ms="27447" started-at="2016-04-04T22:35:53Z" finished-at="2016-04-04T22:36:20Z">
          <reporter-output>
          </reporter-output>
        </test-method> <!-- setUp -->
        <test-method status="PASS" signature="tapOnSomething()[pri:0, instance:com.appium.tests.TestClass@17cdc4a5]" name="tapOnSomething" duration-ms="7107" started-at="2016-04-04T22:36:20Z" finished-at="2016-04-04T22:36:28Z">
          <reporter-output>
          </reporter-output>
        </test-method> <!-- tapOnSomething -->
        <test-method status="PASS" signature="tapOnSomething1()[pri:0, instance:com.appium.tests.TestClass@17cdc4a5]" name="tapOnSomething1" duration-ms="36370" started-at="2016-04-04T22:36:28Z" finished-at="2016-04-04T22:37:04Z">
          <reporter-output>
          </reporter-output>
        </test-method> <!-- tapOnSomething1 -->
      </class> <!-- com.appium.tests.TestClass -->
    </test> <!-- Command line test -->
  </suite> <!-- com.appium.tests.TestClass -->
</testng-results>
